光线	-72.83922637927492
二百五	-74.17358090729361
铁莲子	-74.17358090729361
相抵	-74.17358090729361
走神	-74.17358090729361
心中	-74.17358090729361
只用	-74.17358090729361
迈开	-74.17358090729361
千变万化	-74.17358090729361
肉汤	-74.17358090729361
揣度	-74.17358090729361
春山	-74.17358090729361
差别	-74.17358090729361
精力	-74.17358090729361
锁扣	-74.17358090729361
一招一式	-75.32945137494798
思路	-75.32945137494798
心事重重	-75.32945137494798
忧虑	-75.32945137494798
离家	-75.32945137494798
一刹那	-75.32945137494798
体会	-75.32945137494798
讽刺	-75.32945137494798
有关	-75.32945137494798
赵师叔	-75.32945137494798
就让	-76.34900138360186
下沉	-76.34900138360186
翻出	-76.34900138360186
断刀	-76.34900138360186
做不到	-76.34900138360186
窗外	-76.34900138360186
路线	-76.34900138360186
涌上	-76.34900138360186
流转	-76.34900138360186
咬牙切齿	-76.34900138360186
底气	-76.34900138360186
隔开	-76.34900138360186
熊样	-76.34900138360186
狭窄	-76.34900138360186
一不小心	-76.34900138360186
心绪	-76.34900138360186
飞蛾	-76.34900138360186
严厉	-77.26101994427216
光阴	-77.26101994427216
挨揍	-77.26101994427216
激怒	-77.26101994427216
灯火	-77.26101994427216
十足	-77.26101994427216
从头	-77.26101994427216
地形	-77.26101994427216
生疼	-77.26101994427216
包围圈	-77.26101994427216
纠正	-77.26101994427216
小口	-77.26101994427216
形迹	-77.26101994427216
不甘心	-77.26101994427216
心口	-77.26101994427216
别无选择	-77.26101994427216
满心	-77.26101994427216
愕然	-77.26101994427216
眼花缭乱	-77.26101994427216
当当	-77.26101994427216
惊诧	-77.26101994427216
差距	-77.26101994427216
世界	-77.26101994427216
藏着	-77.26101994427216
船篷	-77.26101994427216
心疼	-78.08604108677176
没好气	-78.08604108677176
表现	-78.08604108677176
相当	-78.08604108677176
两厢	-78.08604108677176
凶险	-78.08604108677176
吃力	-78.08604108677176
三年前	-78.08604108677176
不散	-78.08604108677176
熟练	-78.08604108677176
产生	-78.08604108677176
磨练	-78.08604108677176
使得	-78.08604108677176
憋屈	-78.08604108677176
留意	-78.08604108677176
厚重	-78.08604108677176
剧痛	-78.08604108677176
某人	-78.08604108677176
一通	-78.08604108677176
长腿	-78.08604108677176
集中	-78.08604108677176
小针	-78.08604108677176
场景	-78.08604108677176
独自	-78.83922637927492
俩人	-78.83922637927492
好不好	-78.83922637927492
油灯	-78.83922637927492
长辈们	-78.83922637927492
料到	-78.83922637927492
竖起	-78.83922637927492
忽略	-78.83922637927492
区别	-78.83922637927492
又要	-78.83922637927492
挣脱	-78.83922637927492
货色	-78.83922637927492
教众	-78.83922637927492
合适	-78.83922637927492
喘息	-78.83922637927492
贝壳	-78.83922637927492
熹微	-78.83922637927492
千钟	-79.53208968379454
上蹿下跳	-79.53208968379454
跳起来	-79.53208968379454
仰面	-79.53208968379454
一脉相承	-79.53208968379454
试试	-79.53208968379454
糊弄	-79.53208968379454
掀起	-79.53208968379454
刀术	-79.53208968379454
不好意思	-79.53208968379454
汗毛	-79.53208968379454
答话	-79.53208968379454
一整天	-79.53208968379454
小巷	-79.53208968379454
搭话	-79.53208968379454
划过	-79.53208968379454
悲愤	-79.53208968379454
前因后果	-79.53208968379454
缘由	-79.53208968379454
有意	-79.53208968379454
探手	-79.53208968379454
一定要	-79.53208968379454
她们俩	-80.17358090729361
预备	-80.17358090729361
插话	-80.17358090729361
应声	-80.17358090729361
可否	-80.17358090729361
眼力	-80.17358090729361
闯入	-80.17358090729361
透过	-80.17358090729361
有事	-80.17358090729361
足足	-80.17358090729361
忍着	-80.17358090729361
鸡皮疙瘩	-80.17358090729361
穴道	-80.17358090729361
端坐	-80.17358090729361
打发	-80.17358090729361
几次三番	-80.17358090729361
内敛	-80.17358090729361
好说	-80.77079494859909
一指	-80.77079494859909
做梦	-80.77079494859909
窗花	-80.77079494859909
人声	-80.77079494859909
屏住	-80.77079494859909
难看	-80.77079494859909
观察	-80.77079494859909
走出	-80.77079494859909
至此	-80.77079494859909
了解	-80.77079494859909
慢吞吞	-80.77079494859909
纤细	-80.77079494859909
小胡子	-80.77079494859909
一代	-81.32945137494798
鲜少	-81.32945137494798
两把	-81.32945137494798
手忙脚乱	-81.32945137494798
收敛	-81.32945137494798
无言	-81.32945137494798
隔壁	-81.32945137494798
拖着	-81.32945137494798
密林	-81.32945137494798
尘土	-81.85422842245002
众多	-81.85422842245002
以及	-81.85422842245002
蜀山	-81.85422842245002
指尖	-81.85422842245002
明天	-81.85422842245002
三个字	-81.85422842245002
砍刀	-81.85422842245002
没办法	-81.85422842245002
顶着	-82.34900138360186
想着	-82.34900138360186
拿起	-82.34900138360186
简单	-82.34900138360186
围住	-82.34900138360186
失去	-82.34900138360186
呼啸	-82.34900138360186
并非	-82.34900138360186
可怖	-82.34900138360186
方便	-82.34900138360186
直奔	-82.34900138360186
两句	-82.34900138360186
碰上	-82.34900138360186
吃饭	-82.34900138360186
坐下	-82.34900138360186
分说	-82.34900138360186
眉心	-82.34900138360186
鬓角	-82.81701645560949
做出	-82.81701645560949
扑面	-82.81701645560949
藏身	-82.81701645560949
山壁	-82.81701645560949
认得	-82.81701645560949
很少	-82.81701645560949
不分	-82.81701645560949
轻声	-82.81701645560949
跪下	-83.26101994427216
重伤	-83.26101994427216
远远	-83.26101994427216
耽搁	-83.26101994427216
赶上	-83.26101994427216
自家	-83.26101994427216
懒洋洋	-83.26101994427216
杨兄	-83.26101994427216
而立	-83.68335591162054
打扰	-83.68335591162054
行动	-83.68335591162054
枯荣	-83.68335591162054
两边	-83.68335591162054
皮肉	-84.08604108677176
生死	-84.08604108677176
需要	-84.08604108677176
趁着	-84.08604108677176
三步	-84.08604108677176
这么多	-84.08604108677176
刺杀	-84.08604108677176
一方	-84.08604108677176
本人	-84.47082311129006
机缘	-84.47082311129006
婆子	-84.47082311129006
烟花	-84.47082311129006
巧合	-84.83922637927492
机灵	-84.83922637927492
惨叫	-84.83922637927492
安排	-84.83922637927492
瓶子	-84.97909744248742
令牌	-85.19258851359633
与此同时	-85.19258851359633
不耐烦	-85.19258851359633
挣扎	-85.19258851359633
打扮	-85.19258851359633
分别	-85.19258851359633
亲兵	-85.19258851359633
夜色	-85.19258851359633
尚且	-85.19258851359633
心思	-85.53208968379454
送信	-85.53208968379454
白骨	-85.53208968379454
着实	-85.53208968379454
名号	-85.53208968379454
纵然	-85.53208968379454
轻飘飘	-85.8587763879288
活动	-85.8587763879288
回到	-85.8587763879288
得罪	-85.8587763879288
姐姐	-85.8587763879288
除非	-85.8587763879288
尖锐	-86.17358090729361
训练有素	-86.17358090729361
伪朝	-86.17358090729361
这一次	-86.32761298808418
截住	-86.32761298808418
不周风	-86.32761298808418
不甚	-86.32761298808418
谢大哥	-86.32761298808418
一大帮	-86.47733734571342
老人	-86.47733734571342
大喝	-86.77079494859909
性命	-86.77079494859909
领头人	-86.77079494859909
多久	-86.77079494859909
拼命	-86.77079494859909
一阵子	-86.77079494859909
大多	-87.05462923726924
护送	-87.05462923726924
小子	-87.05462923726924
也好	-87.05462923726924
桌上	-87.05462923726924
骨头	-87.32945137494798
意识	-87.51708799818037
步伐	-87.51708799818037
被子	-87.51708799818037
一问	-87.51708799818037
阴影	-87.51708799818037
来自	-87.51708799818037
两圈	-87.51708799818037
这一刻	-87.51708799818037
雾水	-87.51708799818037
心虚	-87.51708799818037
剑尖	-87.51708799818037
北端	-87.51708799818037
畏惧	-87.59581609109871
普通	-87.59581609109871
秘密	-87.59581609109871
谣言	-87.59581609109871
手段	-87.59581609109871
人物	-87.85422842245002
摇头	-88.34900138360186
百无聊赖	-88.58110965229571
柳条	-88.58110965229571
小心点	-88.58110965229571
再一次	-88.58110965229571
火把	-88.58617156872168
岳阳	-88.58617156872168
这么个	-88.58617156872168
皇帝	-88.81701645560949
理智	-89.54363431854526
基本功	-89.54363431854526
人形	-89.54363431854526
最多	-89.54363431854526
了不起	-89.54363431854526
全神贯注	-89.54363431854526
嗓子眼	-89.54363431854526
握住	-89.54363431854526
沉浸	-89.54363431854526
常常	-89.54363431854526
各自	-89.88703990316057
找事	-90.42235049313227
耐心	-90.42235049313227
陌生人	-90.42235049313227
方式	-90.42235049313227
逼近	-90.42235049313227
毛骨悚然	-90.42235049313227
当面	-90.42235049313227
不快	-90.42235049313227
两眼	-90.42235049313227
刀风	-90.42235049313227
临走	-90.42235049313227
公子	-90.47082311129006
大军	-90.65698448501381
摆手	-91.01771043963923
兄弟	-91.01771043963923
杀人	-91.01771043963923
梁绍	-91.19258851359633
平日	-91.23069101507183
靠着	-91.23069101507183
旋身	-91.23069101507183
看到	-91.23069101507183
言喻	-91.23069101507183
几个月	-91.23069101507183
楚楚	-91.23069101507183
繁华	-91.23069101507183
绷紧	-91.23069101507183
心法	-91.23069101507183
逼退	-91.23069101507183
不满	-91.23069101507183
疯狂	-91.23069101507183
树干	-91.23069101507183
二十年	-91.53208968379454
小女孩	-91.97909744248742
无知	-91.97909744248742
一封信	-91.97909744248742
老老实实	-91.97909744248742
大门	-91.97909744248742
追上	-91.97909744248742
半空中	-91.97909744248742
初出茅庐	-91.97909744248742
后知后觉	-91.97909744248742
当中	-91.97909744248742
向来	-91.97909744248742
知觉	-91.97909744248742
说不清	-91.97909744248742
扑向	-91.97909744248742
未能	-91.97909744248742
经历	-91.97909744248742
胆敢	-92.67584715734381
大不了	-92.67584715734381
小辈	-92.67584715734381
飞身	-92.67584715734381
这点	-92.67584715734381
隐晦	-92.67584715734381
回过头	-92.67584715734381
捂住	-92.67584715734381
小姐	-92.67584715734381
细微	-92.67584715734381
便道	-92.67584715734381
几圈	-92.67584715734381
当头	-92.67584715734381
殿下	-92.91387540032531
甩开	-93.32761298808418
屁股	-93.32761298808418
心眼	-93.32761298808418
江心小亭	-93.32761298808418
一行	-93.32761298808418
石火	-93.32761298808418
不要脸	-93.32761298808418
长哨	-93.32761298808418
窟窿	-93.32761298808418
正事	-93.32761298808418
房门	-93.32761298808418
匆忙	-93.32761298808418
膝盖	-93.32761298808418
楼下	-93.32761298808418
拔刀	-93.32761298808418
拦住	-93.32761298808418
一分	-93.32761298808418
比武	-93.93985287683655
舌尖	-93.93985287683655
当着	-93.93985287683655
注意	-93.93985287683655
缰绳	-93.93985287683655
轻松	-93.93985287683655
无比	-93.93985287683655
血肉	-93.93985287683655
赶路	-93.93985287683655
欺负	-93.93985287683655
救命	-93.93985287683655
久而久之	-94.51708799818037
来不及了	-94.51708799818037
黯淡	-94.51708799818037
脑门	-94.51708799818037
起伏	-94.51708799818037
电光	-94.51708799818037
一拉	-94.51708799818037
杯子	-94.51708799818037
李徵	-94.58617156872168
毛病	-95.06310558218928
希望	-95.06310558218928
理会	-95.06310558218928
唯一	-95.06310558218928
左右	-95.06310558218928
整天	-95.06310558218928
发挥	-95.06310558218928
正色	-95.06310558218928
痛苦	-95.06310558218928
流民	-95.57968796302954
挤出	-95.58110965229571
很好	-95.58110965229571
才是	-95.58110965229571
两个人	-95.58110965229571
行走	-95.58110965229571
默默	-95.58110965229571
被迫	-95.58110965229571
这东西	-95.58110965229571
主帅	-95.58110965229571
弟子们	-96.0738349475355
水中	-96.0738349475355
好奇	-96.0738349475355
三天	-96.0738349475355
照顾	-96.0738349475355
不明白	-96.0738349475355
指甲	-96.0738349475355
声色	-96.0738349475355
暗算	-96.0738349475355
受伤	-96.0738349475355
咳嗽	-96.54363431854526
淡淡	-96.54363431854526
一字	-96.54363431854526
一概	-96.54363431854526
赶到	-96.54363431854526
痛快	-96.54363431854526
人手	-96.54363431854526
旧都	-96.54363431854526
一碗	-96.54363431854526
巨响	-96.99254668048327
必定	-96.99254668048327
温和	-96.99254668048327
两位	-96.99254668048327
一切	-96.99254668048327
一条路	-97.1189685056999
不够	-97.42235049313227
双方	-97.42235049313227
趁机	-97.42235049313227
笛子	-97.83460631650726
滋味	-97.83460631650726
断了	-97.83460631650726
第一	-98.23069101507183
江湖人	-98.23069101507183
暂时	-98.23069101507183
不该	-98.23069101507183
只不过	-98.61182550322846
老远	-98.61182550322846
可怜	-98.61182550322846
前去	-98.61182550322846
偷偷	-98.61182550322846
火光	-98.61182550322846
后院	-98.61182550322846
晚辈	-98.61182550322846
瞳孔	-98.97909744248742
青年	-98.97909744248742
短剑	-98.97909744248742
角落	-98.97909744248742
混乱	-98.97909744248742
围攻	-98.97909744248742
尾巴	-98.97909744248742
踪影	-98.97909744248742
一丝	-98.97909744248742
之类	-99.33347995397719
埋伏	-99.33347995397719
周姑娘	-99.33347995397719
长袖	-99.67584715734381
别说	-100.0069871607923
收拾	-100.0069871607923
手脚	-100.0069871607923
两侧	-100.0069871607923
毒蛇	-100.0069871607923
生出	-100.32761298808418
说不定	-100.32761298808418
告诉你	-100.63837182359335
几声	-100.63837182359335
自觉	-100.79442145479828
纳闷	-100.79442145479828
状态	-100.79442145479828
无意识	-100.79442145479828
踟蹰	-100.79442145479828
客房	-100.79442145479828
探头	-100.79442145479828
小船	-100.79442145479828
路上	-100.93985287683655
人马	-101.23259410669895
人影	-101.51708799818037
脚步声	-101.51708799818037
鸣风楼	-101.51708799818037
屋里	-101.79378654748683
戾气	-101.79866851146915
细线	-101.79866851146915
房顶	-101.79866851146915
毫不犹豫	-101.79866851146915
竟被	-101.79866851146915
剑柄	-101.79866851146915
努力	-101.79866851146915
余光	-101.79866851146915
意外	-102.06310558218928
拿着	-102.32542852011993
嗡嗡	-102.72248625082864
想出	-102.72248625082864
在心里	-102.72248625082864
哭笑不得	-102.72248625082864
自下而上	-102.72248625082864
主人	-103.31146627099886
停顿	-103.57780788216073
火气	-103.57780788216073
大网	-103.57780788216073
震颤	-103.57780788216073
牢牢	-103.57780788216073
高处	-103.57780788216073
通道	-103.57780788216073
激动	-103.57780788216073
成一团	-103.57780788216073
招手	-103.57780788216073
一缕	-103.57780788216073
利索	-104.37409327056805
树叶	-104.37409327056805
眼见	-104.37409327056805
暴虐	-104.37409327056805
凌厉	-104.37409327056805
撂下	-104.37409327056805
恶心	-104.37409327056805
无意中	-105.1189685056999
精神	-105.1189685056999
弯腰	-105.1189685056999
尽管	-105.1189685056999
比划	-105.1189685056999
并未	-105.1189685056999
果断	-105.81867123570261
不远	-105.81867123570261
往往	-105.81867123570261
几道	-105.81867123570261
预感	-105.81867123570261
夜里	-105.81867123570261
回忆	-105.81867123570261
眼圈	-105.81867123570261
不见了	-105.81867123570261
藤条	-105.81867123570261
看不清	-105.81867123570261
无数次	-105.81867123570261
接道	-105.81867123570261
据说	-105.97909744248742
外公	-106.4783685172384
胡子	-106.4783685172384
身法	-106.4783685172384
她的手	-106.4783685172384
五除	-106.4783685172384
君子	-106.4783685172384
来得	-106.4783685172384
化成	-106.4783685172384
掌风	-106.4783685172384
形象	-107.10238861324858
挑起	-107.10238861324858
在空中	-107.10238861324858
确定	-107.10238861324858
地点	-107.10238861324858
翻脸	-107.10238861324858
深深地	-107.10238861324858
作为	-107.10238861324858
不对劲	-107.10238861324858
要命	-107.10238861324858
这玩意	-107.10238861324858
大眼睛	-107.6943932647988
闭嘴	-107.6943932647988
愤怒	-107.6943932647988
疲惫	-107.6943932647988
舌头	-108.25750788792998
漠然	-108.25750788792998
居高临下	-108.25750788792998
计划	-108.25750788792998
抱拳	-108.25750788792998
城外	-108.25750788792998
老道士	-108.25750788792998
北端王	-108.25750788792998
细想	-108.79442145479828
紧绷	-108.79442145479828
若有所思	-108.79442145479828
无法	-108.79442145479828
至少	-108.79442145479828
扣住	-109.307464154156
非但	-109.307464154156
唯恐	-109.307464154156
中年	-109.307464154156
指挥	-109.307464154156
报仇	-109.307464154156
碍事	-109.307464154156
蓬莱	-109.307464154156
水面	-109.79866851146915
不止	-109.79866851146915
敌人	-109.79866851146915
木仓	-109.79866851146915
送到	-110.2698180238977
无奈	-110.2698180238977
这个人	-110.2698180238977
全身	-110.2698180238977
意识到	-110.2698180238977
蜉蝣阵法	-110.62686740991784
外祖父	-110.62686740991784
身份	-110.72248625082864
快走	-110.72248625082864
语气	-110.72248625082864
格外	-110.72248625082864
偷袭	-110.72248625082864
丁魁	-110.7705846623919
但凡	-111.15806852300764
沿途	-111.15806852300764
仓皇	-111.15806852300764
不及	-111.57780788216073
招呼	-111.57780788216073
刚才	-111.57780788216073
影子	-111.57780788216073
发生	-111.57780788216073
大魔头	-111.57780788216073
半圈	-111.86439912366724
成功	-111.98281646672048
木头	-111.98281646672048
一来	-112.37409327056805
对着	-112.37409327056805
想要	-112.37409327056805
要紧	-112.7525389887949
几年	-112.7525389887949
直指	-112.99417706242198
杀意	-112.99417706242198
疯了	-113.1189685056999
挨个	-113.1189685056999
早就	-113.47412146056753
万一	-113.47412146056753
好多	-113.47412146056753
巨门	-113.47412146056753
到处	-113.81867123570261
枯荣手	-113.81867123570261
来由	-114.03347201920141
行云流水	-114.03347201920141
气海	-114.03347201920141
压住	-114.03347201920141
一宿	-114.4783685172384
联系	-114.4783685172384
几句	-114.79459543073149
方面	-114.99570885445002
直觉	-114.99570885445002
寻思	-114.99570885445002
对面	-114.99570885445002
扯淡	-114.99570885445002
破绽	-114.99570885445002
指向	-114.99570885445002
约莫	-115.10238861324858
回事	-115.40218625659789
寻常	-115.40218625659789
掌门	-115.6943932647988
没法	-115.89152991640823
捡起	-115.89152991640823
暗器	-115.89152991640823
钻进	-115.89152991640823
有道理	-115.89152991640823
评价	-115.89152991640823
时而	-115.89152991640823
模糊	-115.89152991640823
世上	-116.25750788792998
各种	-116.72951455593157
半空	-116.72951455593157
经验	-116.72951455593157
躲过	-116.72951455593157
微妙	-116.72951455593157
林间	-116.72951455593157
齐物诀	-116.72951455593157
至今	-116.79442145479828
巨石	-117.51668012718463
一跃	-117.51668012718463
错觉	-117.51668012718463
对于	-117.51668012718463
认出	-117.51668012718463
带走	-117.51668012718463
功法	-117.51668012718463
包裹	-117.51668012718463
寨主	-117.555679319121
这些人	-118.03664725862157
松手	-118.25883956891238
常年	-118.25883956891238
速度	-118.25883956891238
泛起	-118.25883956891238
说出来	-118.25883956891238
等到	-118.96086217692384
移开	-118.96086217692384
影响	-118.96086217692384
通过	-118.96086217692384
木柱	-118.96086217692384
慢慢	-118.96086217692384
决定	-118.96086217692384
稍微	-118.96086217692384
何方	-118.96086217692384
重要	-118.96086217692384
不曾	-118.96086217692384
封住	-118.96086217692384
一同	-119.62686740991784
三个人	-119.62686740991784
停留	-119.62686740991784
安全	-119.62686740991784
学会	-119.62686740991784
小眼	-119.62686740991784
小曲	-119.62686740991784
归阳丹	-119.62686740991784
波纹	-119.78208861901783
难道	-120.18011290059462
面子	-120.26037136094041
挑衅	-120.26037136094041
自动	-120.26037136094041
两根	-120.26037136094041
呼吸	-120.26037136094041
张望	-120.26037136094041
看似	-120.26037136094041
听懂	-120.86439912366724
闻声	-120.86439912366724
眉头	-120.86439912366724
大眼	-120.86439912366724
摸了摸	-120.86439912366724
不得不	-120.86439912366724
控制	-120.86439912366724
这时候	-120.86439912366724
不足	-121.44157216044468
掌中	-121.44157216044468
高高	-121.44157216044468
目瞪口呆	-121.44157216044468
翻身	-121.44157216044468
想法	-121.44157216044468
尤其	-121.44157216044468
大人	-121.81867123570261
肚子	-121.99417706242198
什么样	-121.99417706242198
升起	-121.99417706242198
答应	-121.99417706242198
情急	-121.99417706242198
重剑	-121.99417706242198
背影	-121.99417706242198
按住	-121.99417706242198
不便	-121.99417706242198
疯子	-121.99417706242198
试探	-121.99417706242198
敌军	-121.99417706242198
刘有良	-122.15323264125963
多大	-122.5242202639041
不听	-122.5242202639041
帮忙	-122.5242202639041
站稳	-122.5242202639041
之内	-122.5242202639041
去找	-123.03347201920141
太多	-123.03347201920141
轻易	-123.03347201920141
人人	-123.03347201920141
顾不上	-123.52350207540279
马车	-123.52350207540279
分崩离析	-123.52350207540279
指着	-123.99570885445002
有时候	-123.99570885445002
硬是	-123.99570885445002
或许	-123.99570885445002
江中	-124.02905469046281
快要	-124.45134351207973
唯有	-124.45134351207973
靠近	-124.45134351207973
那么多	-124.89152991640823
得到	-124.89152991640823
听说过	-124.89152991640823
猝然	-125.18382686466218
飞了	-125.31728134941345
随意	-125.72951455593157
要不是	-125.72951455593157
或是	-125.72951455593157
官兵	-125.72951455593157
练功	-126.12906163015765
地步	-126.12906163015765
头天	-126.25297890382728
招数	-126.25297890382728
遇上	-126.51668012718463
大声	-126.89306170843626
兴趣	-127.24833563933643
密密麻麻	-127.24833563933643
长剑	-127.24833563933643
摩挲	-127.24833563933643
味道	-127.24833563933643
冲着	-127.25883956891238
露面	-127.25883956891238
基本	-127.61459484659211
热闹	-127.61459484659211
大约	-127.96086217692384
鞭子	-128.17942968325124
来路	-128.17942968325124
预兆	-128.17942968325124
好事	-128.17942968325124
主动	-128.17942968325124
闻言	-128.2981345256918
追杀	-128.2981345256918
老仆妇	-128.62686740991782
角度	-129.05405809575464
利刃	-129.05405809575464
缝隙	-129.05405809575464
注意到	-129.05405809575464
蛊母	-129.05405809575464
模样	-129.2603713609404
外人	-129.86439912366725
耳根	-129.8786796976744
吃力地	-130.6587048176871
冰凉	-130.6587048176871
一开始	-130.6587048176871
肩上	-130.6587048176871
里头	-130.99417706242198
手臂	-131.39871063212487
任凭	-131.39871063212487
借力	-131.39871063212487
看得出	-131.39871063212487
示意	-131.39871063212487
男人	-131.5242202639041
微弱	-132.10260391103884
紧紧	-132.7737458696242
想到	-132.7737458696242
仍然	-132.7737458696242
悄无声息	-132.7737458696242
馒头	-132.7737458696242
躲闪	-132.7737458696242
小镇	-132.7737458696242
北朝	-133.22552468341425
顷刻	-133.4150492438214
三尺	-133.4150492438214
三个	-133.4150492438214
解药	-133.4150492438214
清晰	-133.4150492438214
手势	-133.4150492438214
门锁	-133.4150492438214
没看见	-134.02905469046283
三层	-134.02905469046283
秀山堂	-134.02905469046283
撞上	-134.02905469046283
挡住	-134.6179915809985
收回	-134.6179915809985
头皮	-134.6179915809985
说什么	-134.6179915809985
见到	-134.6179915809985
个头	-135.1838268646622
发麻	-135.1838268646622
很多	-135.1838268646622
墙角	-135.1838268646622
蒙面人	-135.72830470488594
苍白	-135.72830470488594
不看	-135.72830470488594
擎云沟	-135.72830470488594
活泼	-136.1896707898791
石壁	-136.25297890382728
马叔	-136.25297890382728
没用	-136.25297890382728
抬起	-136.25297890382728
今日	-136.61459484659213
临时	-136.75923963452698
这事	-137.24833563933643
功力	-137.24833563933643
惊动	-137.24833563933643
九式	-137.36573803296073
少年	-137.62686740991782
掠过	-137.72139278712
痕迹	-137.72139278712
马上	-137.72139278712
赵明琛	-137.94748259749434
放下	-138.17942968325124
顿了顿	-138.17942968325124
她们	-138.17942968325124
暴躁	-138.4606304420208
在这里	-138.6233708768358
出鞘	-139.4848338903271
麻绳	-139.4848338903271
跟上	-139.4848338903271
竟是	-139.8786796976744
一干	-139.8786796976744
后退	-139.8786796976744
兴南镖局	-139.8786796976744
一回	-140.27396333954076
眼珠	-140.27396333954076
本领	-140.27396333954076
丫头	-140.27396333954076
每每	-140.44692514408084
冷静	-140.44692514408084
内息	-140.44692514408084
道德经	-140.44692514408084
一颗	-140.6587048176871
怎样	-140.6587048176871
身形	-141.39871063212487
筷子	-142.21203653820655
一闪而过	-142.21203653820655
堪堪	-142.21203653820655
一方面	-142.21203653820655
头发	-142.44207723027222
多年	-142.44207723027222
并且	-143.02604293408808
漂亮	-143.02604293408808
心神	-143.02604293408808
无从	-143.02604293408808
顷刻间	-143.02604293408808
亲眼	-143.02604293408808
姑姑	-143.097960646548
顺手	-143.80032554089345
假装	-143.80032554089345
屋顶	-143.80032554089345
小路	-143.80032554089345
睁眼	-143.80032554089345
眨眼	-143.80032554089345
包围	-143.80032554089345
出门	-144.02905469046283
没了	-144.32652812440332
侍卫	-144.32652812440332
承认	-144.53858169533737
掌心	-144.53858169533737
好好	-144.6179915809985
山下	-144.6179915809985
柳家庄	-144.6179915809985
不成	-144.9036831029662
激灵	-145.24401540695422
石洞	-145.24401540695422
始终	-145.24401540695422
佩剑	-145.24401540695422
断水	-145.24401540695422
邵阳	-145.24401540695422
先生	-145.45863422888323
怎么样	-145.45863422888323
一群	-145.72830470488594
咬牙	-145.91942139825983
愣了愣	-145.91942139825983
毫不	-145.91942139825983
闪过	-145.91942139825983
力道	-145.91942139825983
镇上	-145.91942139825983
三下	-145.91942139825983
明显	-145.91942139825983
今天	-146.25297890382728
作响	-146.56725197784905
略微	-146.56725197784905
几次	-146.56725197784905
胡说八道	-146.56725197784905
耳室	-146.56725197784905
南北	-146.75923963452698
名字	-147.1896707898791
侧身	-147.1896707898791
之下	-147.1896707898791
资质	-147.78859641412524
对视	-147.78859641412524
掉头	-147.78859641412524
永远	-147.78859641412524
刻意	-147.78859641412524
幸亏	-148.36573803296073
玩意	-148.36573803296073
缘故	-148.9226248367304
落脚	-148.9226248367304
三年	-148.9226248367304
深厚	-148.9226248367304
卫兵	-148.9226248367304
眼泪	-149.4606304420208
院子	-149.4606304420208
胸前	-149.4606304420208
会不会	-149.4606304420208
说出	-149.4606304420208
背上	-149.4606304420208
便宜	-149.9809933045827
长大	-149.9809933045827
手心	-149.9809933045827
最好	-149.9809933045827
家里	-149.9809933045827
响起	-149.9809933045827
一听	-149.9809933045827
好看	-149.9809933045827
即使	-149.9809933045827
一面	-150.4848338903271
一见	-150.4848338903271
印象	-150.65890274989596
劲力	-150.65890274989596
石块	-150.65890274989596
他们俩	-150.97316920327006
山间	-150.97316920327006
一侧	-150.97316920327006
乱七八糟	-150.97316920327006
就要	-150.97316920327006
厨子	-150.97316920327006
华容城	-150.97316920327006
徐舵主	-150.97316920327006
抽出	-151.44692514408084
哆嗦	-151.44692514408084
再说	-151.44692514408084
身体	-151.44692514408084
姿势	-151.44692514408084
颇有	-151.44692514408084
塞进	-151.70845684490004
小院	-151.9069470767217
院里	-151.9069470767217
如何	-151.9069470767217
点点头	-151.9069470767217
可谓	-152.35400890619252
死人	-152.35400890619252
掌柜	-152.44207723027222
心想	-152.69800276720372
一动不动	-152.69800276720372
爪子	-152.69800276720372
鼻子	-152.78882091224554
偶尔	-152.78882091224554
时辰	-152.78882091224554
情况	-152.78882091224554
随时	-153.21203653820655
小孩	-153.21203653820655
等等	-153.21203653820655
没想到	-153.21203653820655
想必	-153.4150492438214
喜欢	-153.62425829781182
一副	-153.62425829781182
脖颈	-153.62425829781182
有没有	-153.62425829781182
两步	-153.62425829781182
身前	-153.63403291121898
怀中	-154.417905941126
大部分	-154.52203988854433
碰到	-154.52203988854433
心情	-154.52203988854433
钥匙	-154.52203988854433
一位	-154.80032554089345
究竟	-154.80032554089345
睁大	-155.36671182324108
丝毫	-155.53858169533737
叫做	-155.89521794995352
递给	-156.17208217354352
天生	-156.17208217354352
冒出	-156.17208217354352
老人家	-156.24401540695422
张博林	-156.24401540695422
放心	-156.5853112587811
前面	-156.5853112587811
一旦	-156.5853112587811
出身	-156.5853112587811
空中	-156.94164622258012
大家	-157.88151265201355
哪个	-158.1896707898791
生生	-158.38517702719267
走过来	-158.38517702719267
回答	-158.38517702719267
人群	-158.49195889052228
小姑娘	-158.78859641412524
中原	-158.78859641412524
那天	-159.06417936758908
小声	-159.06417936758908
奇道	-159.06417936758908
当场	-159.07979073909837
林浩	-159.36573803296073
往前走	-159.7175527758576
谨慎	-159.7175527758576
某种	-159.7175527758576
按着	-160.34716181458722
指点	-160.34716181458722
晚上	-160.34716181458722
穿过	-160.34716181458722
麻烦	-160.34716181458722
长发	-160.95467469142685
刚好	-160.95467469142685
态度	-161.54158989719818
短暂	-161.54158989719818
张嘴	-161.54158989719818
使出	-161.71260748592812
相信	-162.10925847453848
传人	-162.10925847453848
巨大	-162.65890274989596
内功	-162.65890274989596
正经	-162.65890274989596
难得	-162.65890274989596
石牢	-162.65890274989596
领悟	-162.84962442218256
低声	-163.19163218219742
仇天玑	-163.35400890619252
规矩	-163.70845684490004
并没有	-163.70845684490004
伤口	-163.70845684490004
戒备	-163.70845684490004
来回	-164.21029895323557
隐隐	-164.21029895323557
上下	-164.69800276720372
光景	-164.69800276720372
冰冷	-164.69800276720372
耳畔	-164.93566516069475
部分	-164.93566516069475
一式	-164.93566516069475
何况	-165.17234313744336
出口	-165.17234313744336
不定	-165.17234313744336
古怪	-165.63403291121898
垂下	-165.89767271946386
些许	-166.08372937624296
说到	-166.52203988854433
就会	-166.52203988854433
一支	-166.52203988854433
眼角	-166.52203988854433
堪称	-166.52203988854433
刀刃	-166.81273398205204
树梢	-166.81273398205204
孩子	-166.89521794995352
不明	-167.36671182324108
小丫头	-167.36671182324108
霍家堡	-167.5853112587811
转瞬	-167.685218528213
涅槃	-167.77407980632114
清楚	-168.17208217354352
沉默	-168.17208217354352
海天一色	-168.17208217354352
越过	-168.5189129146693
交给	-168.5189129146693
解释	-168.56113990585206
张晨飞	-168.56113990585206
一天	-168.94164622258012
奇怪	-169.31396897002762
一件	-169.31396897002762
刚刚	-169.31711999530316
不对	-170.03542087927846
一串	-170.08273795299957
非得	-170.38517702719267
随手	-170.81832382176233
拐杖	-170.81832382176233
随口	-170.81832382176233
眼看	-171.06417936758908
而已	-171.39394820465435
转向	-171.52614501405324
斗笠	-171.52614501405324
委屈	-172.208221472677
一棵	-172.208221472677
不得	-172.65358291987286
周遭	-172.86636042258658
每次	-172.86636042258658
是因为	-172.86636042258658
猝不及防	-173.50218522883887
一带	-173.50218522883887
朋友	-174.10925847453848
树上	-174.11715952095753
关系	-174.71260748592812
故意	-175.28973103758804
拎着	-175.84962442218256
还以为	-175.84962442218256
桌子	-175.84962442218256
抬起头	-176.3932867062127
休息	-176.3932867062127
来说	-176.9216325046782
就像	-176.9216325046782
反复	-176.9216325046782
感觉到	-177.4355012391045
接住	-178.147669895071
也不	-178.42283633113738
喉咙	-178.42283633113738
吩咐	-178.42283633113738
跑到	-178.89767271946386
好在	-178.89767271946386
即便	-178.89767271946386
手背	-179.08726863709052
每个	-179.36078354596322
震惊	-179.36078354596322
没落	-180.2540492970554
余地	-180.84470098626454
连忙	-181.1066977382139
机关	-181.5189129146693
白眼	-181.66921263301452
继而	-181.9222625577374
站起来	-181.9222625577374
肩膀	-181.9222625577374
必然	-182.70383545942585
这边	-183.4541369315576
横刀	-183.49470701405954
老和尚	-183.81832382176233
她说	-183.95819488497483
近乎	-183.95819488497483
嘴唇	-184.52614501405324
而是	-184.66695990795438
抱着	-184.66695990795438
来人	-185.208221472677
一场	-185.208221472677
王爷	-185.208221472677
凭空	-185.35169431468762
冷笑	-185.5401776700698
也有	-185.86636042258658
围着	-186.0139743215846
顺势	-186.0139743215846
到底	-187.71260748592812
刀光	-188.4651882133979
平静	-188.4651882133979
都会	-188.4651882133979
那位	-188.57176696187918
时常	-189.03417599636074
好歹	-189.03417599636074
自从	-189.03417599636074
特别	-189.03417599636074
当然	-189.03417599636074
苗刀	-189.37946835574093
耗子	-189.58757309497366
紧张	-189.58757309497366
问题	-189.58757309497366
运气	-189.58757309497366
踉跄	-189.58757309497366
不远处	-190.12621116437856
于是	-190.12621116437856
遇到	-190.12621116437856
头顶	-190.65085704023986
比较	-190.65085704023986
表情	-190.65085704023986
将军	-190.93566516069475
不由	-191.16221930459142
认识	-191.16221930459142
搭理	-191.34813635491471
刀身	-191.34813635491471
活人死人山	-192.13065752342825
血迹	-192.147669895071
交代	-192.147669895071
办法	-192.62293254199773
腰间	-192.62293254199773
愿意	-192.62293254199773
黑衣	-192.62293254199773
这一点	-193.08726863709052
脚尖	-193.15254986068038
冷汗	-193.5411693247838
手掌	-193.5411693247838
真正	-193.5411693247838
小心翼翼	-193.5411693247838
个人	-193.5411693247838
朱雀	-193.5411693247838
犹豫	-194.00130278617593
习惯	-194.00130278617593
山岩	-194.00130278617593
那样	-194.4194698996553
口中	-195.26116379378126
结果	-195.66921263301452
一堆	-196.0691807637693
来到	-196.3644219409731
莫名	-197.0980659481873
大树	-197.80765166986265
以前	-197.95819488497483
这句话	-198.49470701405954
青筋	-198.49470701405954
这话	-198.66695990795438
大师	-198.66695990795438
朱晨	-199.01222866723413
位置	-199.16061880443633
一趟	-199.16061880443633
小时候	-199.80664963281464
告诉	-199.80664963281464
男子	-200.96837535856673
想象	-201.04358203569421
嘴角	-201.2767436471867
怀里	-202.21361971571332
巴掌	-202.77574029699326
密道	-203.3127698004886
看见了	-203.85798708333078
女孩子	-203.85798708333078
周身	-203.85798708333078
察觉	-203.85798708333078
下面	-204.88867833459102
担心	-204.88867833459102
算是	-207.71535467578764
一套	-207.96563293344096
一团	-208.15254986068038
诸位	-208.20344933168082
头上	-208.58108714363198
全都	-209.00130278617593
渐渐	-209.81801954651155
衡山	-210.21510271692944
艰难	-210.2379370113998
认为	-210.94824292113506
长老堂	-210.94824292113506
那里	-211.3644219409731
躲开	-211.63734247140522
两下	-212.30646528251927
分明	-212.45576707750283
显然	-212.80765166986265
每天	-212.9567370344768
郑罗生	-213.49470701405954
年轻	-214.48604487092612
愣是	-214.80437251319577
英雄	-215.12257386573205
一头	-215.95876908528913
亲自	-216.92698737149777
看清	-217.05817308663336
故事	-217.05817308663336
客气	-217.58884290959656
兵刃	-218.1075865526746
墙上	-218.1075865526746
衣服	-218.614928308312
用力	-218.614928308312
头一次	-218.61597344833578
总是	-219.111358638242
落下	-219.111358638242
差不多	-219.111358638242
背后	-220.07329451724314
打开	-220.07329451724314
发出	-220.99674248294372
狼狈	-221.44497250165728
耳边	-221.8909397733565
在意	-221.8909397733565
而来	-222.31613704601529
当下	-222.6456398024502
越发	-222.73969242779435
端王	-223.15561576432145
尴尬	-223.3778080746123
主意	-226.10570750189746
附近	-226.2379370113998
四处	-226.59582201985506
避开	-226.74277749401475
肩头	-226.74277749401475
消息	-227.29536405872415
底下	-227.96932385186395
无论	-227.96932385186395
大药谷	-227.96932385186395
破军	-227.96932385186395
却是	-227.9743283198505
半个	-228.56033596059544
怪虫	-228.56033596059544
倒是	-228.63389092347472
瞬间	-229.70127729019055
一剑	-230.25244241096098
下巴	-230.25244241096098
力气	-230.25244241096098
极致	-230.90268702415946
纷纷	-231.09842898223346
未曾	-231.31895025187634
从未	-231.31895025187634
小心	-231.95876908528913
哪里	-232.51501577585995
半步	-232.6345626988269
心头	-232.6345626988269
偏头	-232.6345626988269
禁地	-232.83649499952685
冷冷	-233.32217058687195
随着	-233.7984149817551
羽衣班	-233.7984149817551
师叔	-234.72402731013548
隔着	-235.03336025436926
道理	-235.17405490327573
人们	-235.17405490327573
说着	-235.61597344833578
机会	-236.89587161250782
至于	-236.89587161250782
疑惑	-237.92172435384768
面无表情	-237.92172435384768
重重	-238.1122770499334
平时	-238.59626905138362
而且	-238.8909397733565
迟疑	-239.25373481983567
那边	-239.27119259484024
毕竟	-239.6456398024502
显得	-240.73585553858538
不住	-240.73585553858538
赵渊	-240.9397488077933
气息	-241.13179469650092
如今	-242.05689199975444
刺客	-242.1179572743168
蜉蝣阵	-242.24856635303303
变成	-242.45164698904864
看看	-242.7808575117865
透骨青	-242.88314432088936
不如	-243.42631096516985
来不及	-243.44162844206062
转眼	-243.74277749401475
看不见	-244.07665734295975
不再	-245.56268526735005
第一次	-245.79041571341978
剑鞘	-246.06694403840282
对方	-246.06694403840282
袖子	-246.56159729400073
晨飞	-246.60872142936557
一线	-247.40330476756353
一脚	-247.52350395530704
三言两语	-248.92654139255916
永州	-249.3466040003763
不在	-249.65755020103725
传说	-250.2123011879951
一人	-250.6345626988269
眼里	-251.063561248469
回家	-251.063561248469
长辈	-251.74041553335272
一扫	-251.74041553335272
本能	-253.67612819971777
在一起	-253.78612341687253
笑容	-254.87587117170347
一色	-254.87587117170347
海天	-255.22918969318422
样子	-255.48411562748424
总算	-256.0612149593111
往上	-258.1081161915093
吴小姐	-258.1081161915093
半天	-258.2552820902899
原本	-258.2552820902899
记得	-258.7774160823099
小小	-259.1317946965009
容易	-259.28978998671505
否则	-260.7718377147392
越来越	-261.248566353033
想道	-261.3174096353742
山川	-262.78744827329615
此地	-263.56268526735005
回手	-263.65307981231797
见识	-264.2052078220777
落地	-264.2052078220777
看来	-264.3719158931498
脑袋	-264.3719158931498
霍连涛	-264.65783702418526
半晌	-264.79041571341975
小白脸	-265.2026220643068
尚未	-266.0088921243943
再次	-266.195921293096
少女	-267.17550247301307
果然	-267.92654139255916
嘴里	-268.05810938092566
一半	-268.05810938092566
可惜	-268.2944825650309
转头	-268.63090295563575
内力	-268.65305624880665
难以	-269.235983161997
手下	-269.71876166097405
不到	-270.063561248469
闻煜	-270.063561248469
多谢	-270.3676537293244
一定	-270.3676537293244
不错	-270.404077500417
不怕	-270.91726845776645
上面	-271.0726766412007
眼下	-271.4566094097719
门派	-272.362853866735
才能	-272.50595780765457
一种	-272.50595780765457
纵身	-272.90510423142354
不肯	-273.29213627587296
窗户	-273.6920730452155
从来	-274.4591164417429
废话	-276.6501862978523
金陵	-278.1081161915093
当成	-278.6934275263055
霓裳夫人	-279.34499233433866
准备	-279.7573593953488
刀剑	-280.60753317552764
几下	-280.60753317552764
摇摇头	-281.2196064343775
推开	-281.2196064343775
曾经	-281.8195586305097
而去	-282.4078605300712
懒得	-282.70801781238504
哪怕	-283.155859424195
一句话	-284.10718043312613
白先生	-284.80953702185917
应该	-284.88415446054444
一笑	-284.88415446054444
看起来	-285.18931674656784
轻轻地	-285.7162273467873
落到	-286.23413048570694
嗓子	-286.7433289568871
不等	-287.6006510817869
动作	-287.73674896723264
并不	-287.73674896723264
九龙叟	-288.2215048426065
不可	-288.69862644910825
反正	-289.63090295563575
放在	-289.63090295563575
无数	-289.63090295563575
一只手	-289.79043589990704
茫然	-290.48803081390844
骤然	-291.41356980495254
狠狠	-292.4932843511888
眼皮	-292.4932843511888
一段	-293.1345039556981
听到	-293.14861885431014
伸出	-293.7630253040271
天下	-294.3011438037012
江湖	-294.7361241119944
经脉	-296.15958147819674
偏偏	-296.73147606592147
枯荣真气	-296.7393604984076
几步	-297.29324809227853
来了	-297.8452496734608
谢公子	-298.3878148666147
一动	-298.39880557079186
这位	-299.02754147203143
留下	-299.02754147203143
一双	-299.9619866091654
鸣风	-299.9619866091654
女孩	-300.9696677806542
不行	-300.9696677806542
仔细	-300.9696677806542
一个人	-301.29679613503794
颇为	-301.9463384065401
一时间	-302.93065305316156
齐门	-303.4078605300712
不动	-303.8138941534434
不管	-305.14580807601453
这回	-305.5776418244911
正是	-307.24851659562364
听得	-307.5375220143357
而后	-307.5375220143357
真气	-308.1674587524859
正在	-309.2205352702865
还在	-309.6006510817869
周围	-311.0335931635718
人家	-311.07716339067474
好不容易	-312.12162460347406
刀锋	-312.34416434708703
看出	-313.17510946457594
方向	-313.17510946457594
眼神	-313.17510946457594
琢磨	-314.62793794005523
一闪	-314.62793794005523
便是	-314.81551342240556
诡异	-316.0708417585569
完全	-316.77035405438534
所有	-316.77035405438534
全然	-316.77035405438534
无端	-316.77035405438534
剩下	-316.98391778104457
一道	-317.9925368740418
说过	-318.12835873517815
往下	-318.7878964093087
往前	-319.4351055517152
一刻	-321.3071658397457
花掌柜	-322.9791988227242
正要	-323.0569907034965
细细	-325.4894207373694
提起	-325.85463301247484
说不出	-327.4169136898001
一番	-328.91173636790427
一处	-328.91173636790427
找到	-328.91173636790427
动静	-330.3446862748867
最后	-331.7206824764696
还要	-333.04407977708865
一手	-334.4664480699901
多少	-335.1431879670968
童开阳	-337.19617420982036
冲霄子	-337.40037183594404
既然	-338.1867548133337
险些	-339.0526015973884
但是	-340.1134832553983
还能	-340.77035405438534
年纪	-341.114881085835
阿翡	-342.0950298465069
勉强	-342.35114679049946
隐约	-345.0803553401396
听说	-345.89662190805967
重新	-346.33917195139617
其他	-346.33917195139617
打量	-346.37393425526415
出手	-346.77635761961716
胳膊	-347.6243857484913
以后	-348.47395923216226
不太	-348.8344929828541
接着	-349.29370761010404
厉害	-349.42521497185624
乃是	-350.87934211364484
脖子	-351.6467620442178
干净	-353.306428538133
转身	-353.8432650093564
下山	-354.04840842152987
不由自主	-354.77651870673714
什么时候	-355.37450092474916
后来	-355.59838320002405
从小	-356.8825865307715
念头	-357.24586508399545
不料	-357.32351442446094
不大	-358.8806022297535
就能	-360.06937931143653
很快	-363.4433440606651
离开	-364.2414607884609
后背	-364.8851976058376
之外	-364.8851976058376
地面	-364.8851976058376
不必	-369.0522900281065
猛地	-369.33391981590876
时间	-369.33391981590876
没料到	-370.02445733446825
熟悉	-371.3581087001159
一顿	-371.98712656335005
一层	-373.3540305362392
传来	-375.10501143368833
后面	-375.10501143368833
岗哨	-375.7594115073462
怀疑	-375.7594115073462
确实	-376.34913674212544
刀尖	-376.4875638005542
不要	-381.04840842152987
双手	-381.3017140804797
脚步	-381.8163129012956
行脚	-382.4912684134893
打断	-383.8115560300506
往后	-384.7733981641924
脚下	-385.24586508399545
打算	-385.71286983610116
见过	-386.17453727418103
女人	-386.63098801939583
轻功	-387.09139849773794
吭声	-387.09139849773794
一招	-387.16217428726395
赵秋生	-388.9240194658666
随便	-392.3647098643265
一次	-395.03046205811665
不用	-395.03046205811665
上来	-395.54382010838697
一遍	-402.7839199213797
脾气	-403.57550777670093
当即	-404.6751468916359
那种	-405.11785186781105
刀鞘	-406.222717276484
只要	-408.75893671148185
因此	-411.261416957111
抓住	-414.02359238230565
一口	-414.53828904975376
不见	-414.9867992937329
一只	-414.9867992937329
所以	-415.4307093515753
等人	-417.02630009913594
先是	-417.6033861223237
毫无	-418.25946882481196
尸体	-419.2912674270173
其中	-420.4302054338589
强行	-421.8964858422701
一张	-422.48716570890457
本来	-426.55025990696015
高手	-427.6604484189727
此人	-428.71545922061046
一帮	-428.97208974185224
众人	-429.13010728469976
自然	-430.867904536468
这里	-431.3214514290531
一些	-431.7413939160295
上去	-434.1163461732667
莫名其妙	-438.10014002831423
甚至	-440.1465890344863
里面	-440.6152858653471
非常	-440.6152858653471
抬手	-440.95469499011483
几分	-441.5690123696373
反而	-442.4438908926626
咱们	-443.3962478247481
手上	-447.1283544760713
北军	-447.1283544760713
以为	-447.9312658668819
姑娘	-453.1916440397101
没事	-455.9386477037279
原地	-456.53322021250847
干脆	-457.68370328538526
进来	-459.6361096146196
脸色	-460.8727748934355
耳朵	-462.01444118016383
石头	-464.70811054368477
真是	-465.88887697712215
视线	-467.72329949275064
直到	-469.2972690802061
药人	-470.0667205087385
皱眉	-471.57224683374506
楚天权	-471.6679642688294
想了想	-472.3089545258948
刀法	-473.0353582756495
王老夫人	-474.2411400081443
曹宁	-477.81298079882686
有种	-480.0680372268536
动手	-483.45759649466896
有人	-484.4545016709813
你们	-484.4758740227996
如果	-484.96273340241635
点头	-485.7662886417787
开口	-486.68920333514126
门口	-489.97454565638907
下意识	-491.58083142683955
看了看	-496.74736385477115
不好	-496.902098733657
原来	-498.6932080007526
武功	-500.84858041593895
之间	-503.48083106670543
中间	-505.8597333074333
胸口	-510.9682312549685
顺着	-512.6905428943292
刀柄	-512.9198200394617
客栈	-515.7899303899774
进去	-516.624664418031
由得	-517.2905314390297
沈天枢	-519.7427142027562
之后	-519.8262745013607
陡然	-519.8778887373488
为什么	-523.8917463589385
依然	-523.8969298969201
上前	-527.0304919842151
一瞬间	-527.6610578936344
抬头	-531.7470559716609
师兄	-533.0295043409528
简直	-538.0823506378897
一般	-538.9898720314807
就算	-540.4686962595738
只能	-542.3763981890509
神色	-544.1475361651198
反应	-546.5373207707801
根本	-547.5323075163412
似乎	-547.5323075163412
要是	-547.7274427259799
话音	-548.5104292653227
现在	-553.2300431761294
马吉利	-554.9290161530525
蓦地	-556.7246277865618
一圈	-557.386855052611
青龙主	-559.9140823336024
正好	-565.0750814023705
差点	-569.1982353763983
外面	-570.7966868507211
我们	-575.9269690426279
来得及	-578.568151681196
只有	-580.172998897443
随后	-580.2835389475072
终于	-581.5146003825587
不少	-583.5747369874961
山谷	-584.111849042909
说完	-586.1942942546324
黑衣人	-588.9944779197344
一块	-591.154385656501
一身	-592.3191629563935
似的	-593.4459734397113
大概	-596.5595387474175
青龙	-602.5268228977782
眼前	-604.3219956183362
不敢	-605.0598074645243
恐怕	-605.7877005763233
鱼老	-616.8933487812567
前辈	-617.6175103770139
一股	-618.0784512002505
陆摇光	-618.0966363659918
木小乔	-619.2045939348251
缓缓	-619.9525367513672
这种	-620.8994288874372
一步	-626.3502189291519
是不是	-626.8666726786215
竟然	-629.3903216902094
为了	-631.8150925347708
脑子	-632.8447287634052
回头	-633.5646988176113
低头	-636.9193958475578
当时	-643.2010407844593
地上	-647.105930073439
同时	-648.993256663364
直接	-650.6356109995838
忍不住	-656.9935531606244
除了	-657.334075914726
倘若	-658.5427074131366
意思	-662.1784493876028
手腕	-665.6728193200695
一阵	-668.0505981178969
肯定	-668.5610122992185
露出	-670.692531714107
声音	-676.8865450741905
一起	-678.1052031947768
飞快	-679.5769741878522
弟子	-681.109831871766
眼睛	-682.7943105108077
口气	-683.7961981726348
两个	-683.7961981726348
一句	-684.5037436130212
谷天璇	-685.2734119533357
也是	-686.5488677798779
其实	-694.6313182819914
回来	-698.0173263268608
墨江	-707.786651041392
这些	-710.1687002759322
手指	-715.1200860335359
霓裳	-716.9842939637286
一根	-717.6853821564955
一片	-719.8394073348549
说话	-720.1387586228731
可以	-724.5939543796693
当年	-728.3738617997193
然后	-730.7104721197993
一刀	-732.2299720288793
一口气	-744.5265074190391
声道	-745.3391218908955
应何从	-745.3809536357256
两人	-746.2380593424228
一看	-751.5188230146924
牵机	-753.2816039771899
不能	-766.733296622367
明白	-768.3651124593262
顿时	-786.0757150541967
随即	-786.9029526429355
大当家	-800.0995169596372
这时	-807.7565300410155
碎遮	-832.8565673941291
脸上	-833.8989830873487
功夫	-840.7642794186974
身边	-850.6537919836234
望春山	-858.3139404599304
地方	-860.9390971999356
整个	-864.1823394575831
那个	-864.3963697573314
实在	-871.3986876274487
伸手	-871.9159577905116
不会	-873.8068671229876
夫人	-873.8068671229876
那么	-875.5833868933473
轻轻	-880.3449203175985
想起	-881.8033958383386
看着	-883.560384274778
几乎	-890.1705850842859
可能	-900.8330653780366
回去	-903.3725781957919
一条	-908.681550864485
那些	-909.2114180348834
手里	-913.6556509816616
一直	-914.1237112327393
仿佛	-923.2251584859123
只见	-927.4108904374693
周以棠	-931.4108252816787
倏地	-933.9053447067496
可是	-934.6700208944209
微微	-938.4829528188034
寇丹	-951.1611812012288
一会	-957.2203698426611
一时	-964.8926117985402
听见	-965.4192522794765
看见	-967.5293894331988
片刻	-995.1620474294087
别人	-1009.9230918295683
不知道	-1024.9454906160056
只好	-1025.3810857886583
身后	-1044.088048826962
跟着	-1048.8383576522426
这样	-1050.0734600564758
纪云沉	-1050.0734600564758
然而	-1056.6446809653298
北斗	-1062.3945014691371
感觉	-1063.7157766329026
段九娘	-1092.5717405137655
此时	-1099.559457714252
面前	-1104.4683784441365
忽然	-1115.2923288284758
开始	-1120.024552423071
立刻	-1123.007088375598
东西	-1126.5921868855885
下去	-1131.3668376478367
发现	-1156.17646060297
过去	-1194.0880770256636
长刀	-1201.805552270239
因为	-1222.0879774001128
一样	-1231.3296871578236
都是	-1254.7901615295705
还有	-1262.2137857728371
不过	-1263.9412481792863
——	-1270.5058376151871
这个	-1271.0702935832492
破雪刀	-1349.4484815260887
只是	-1360.3060778340928
好似	-1395.544649207506
几个	-1447.6947785245686
就是	-1475.390110804137
杨瑾	-1475.4929963778864
旁边	-1479.2781400766398
出去	-1505.980930406856
这么	-1528.1947158969065
有点	-1540.9336587383502
虽然	-1580.2152114204455
手中	-1599.0885130228587
过来	-1617.659993042139
目光	-1633.3791887049358
十分	-1654.5083183137929
居然	-1663.9776326265073
下来	-1690.4619894003729
殷沛	-1695.6940670424237
身上	-1731.1327633396163
一边	-1857.1503678368256
李瑾容	-1872.5054024096003
四十八寨	-1892.4259976161006
好像	-1909.6125658807196
知道	-1928.735973951141
还是	-1950.2642029135827
一把	-1965.010045638517
一点	-2046.9152387348504
有些	-2072.2719816986487
问道	-2158.8275913928846
李妍	-2238.8589841321286
突然	-2280.724607646104
方才	-2317.727097044238
出来	-2338.925641019594
时候	-2367.064360357176
一眼	-2483.9162454771836
一声	-2508.0417424447746
心里	-2589.993645175637
不是	-2593.3583671392685
吴楚楚	-2717.7544028715233
没有	-2738.154345572002
不知	-2905.3057151876815
起来	-2929.479069392263
怎么	-2960.268913151886
他们	-3025.677074461179
一下	-3167.030164855382
说道	-3260.8521813035677
觉得	-3309.6675680073618
李晟	-3514.2763867380636
已经	-3958.9945927869603
周翡	-4374.790162931018
一个	-4570.027832031625
什么	-6861.868346885888
自己	-7697.672847992049
谢允	-7877.085314943327
